[debug] [2023-08-21T06:30:31.914Z] ----------------------------------------------------------------------
[debug] [2023-08-21T06:30:31.921Z] Command:       C:\Program Files\nodejs\node.exe C:\Users\shaikhji\AppData\Roaming\npm\node_modules\firebase-tools\lib\bin\firebase.js deploy --token $FIREBASE_TOKEN
[debug] [2023-08-21T06:30:31.922Z] CLI Version:   12.4.8
[debug] [2023-08-21T06:30:31.923Z] Platform:      win32
[debug] [2023-08-21T06:30:31.924Z] Node Version:  v16.16.0
[debug] [2023-08-21T06:30:31.927Z] Time:          Mon Aug 21 2023 12:00:31 GMT+0530 (India Standard Time)
[debug] [2023-08-21T06:30:31.928Z] ----------------------------------------------------------------------
[debug] 
[debug] [2023-08-21T06:30:32.183Z] > command requires scopes: ["email","openid","https://www.googleapis.com/auth/cloudplatformprojects.readonly","https://www.googleapis.com/auth/firebase","https://www.googleapis.com/auth/cloud-platform"]
[debug] [2023-08-21T06:30:32.185Z] > authorizing via --token option
[warn] !  Authenticating with `--token` is deprecated and will be removed in a future major version of `firebase-tools`. Instead, use a service account key with `GOOGLE_APPLICATION_CREDENTIALS`: https://cloud.google.com/docs/authentication/getting-started 
[debug] [2023-08-21T06:30:32.190Z] [iam] checking project yt-clone-99 for permissions ["firebase.projects.get","firebasehosting.sites.update"]
[debug] [2023-08-21T06:30:32.194Z] > refreshing access token with scopes: []
[debug] [2023-08-21T06:30:32.201Z] >>> [apiv2][query] POST https://www.googleapis.com/oauth2/v3/token [none]
[debug] [2023-08-21T06:30:32.202Z] >>> [apiv2][body] POST https://www.googleapis.com/oauth2/v3/token [omitted]
[debug] [2023-08-21T06:30:32.579Z] <<< [apiv2][status] POST https://www.googleapis.com/oauth2/v3/token 400
[debug] [2023-08-21T06:30:32.580Z] <<< [apiv2][body] POST https://www.googleapis.com/oauth2/v3/token [omitted]
[debug] [2023-08-21T06:30:32.580Z] >>> [apiv2][query] POST https://cloudresourcemanager.googleapis.com/v1/projects/yt-clone-99:testIamPermissions [none]
[debug] [2023-08-21T06:30:32.581Z] >>> [apiv2][(partial)header] POST https://cloudresourcemanager.googleapis.com/v1/projects/yt-clone-99:testIamPermissions x-goog-quota-user=projects/yt-clone-99
[debug] [2023-08-21T06:30:32.581Z] >>> [apiv2][body] POST https://cloudresourcemanager.googleapis.com/v1/projects/yt-clone-99:testIamPermissions {"permissions":["firebase.projects.get","firebasehosting.sites.update"]}
[debug] [2023-08-21T06:30:32.973Z] <<< [apiv2][status] POST https://cloudresourcemanager.googleapis.com/v1/projects/yt-clone-99:testIamPermissions 401
[debug] [2023-08-21T06:30:32.974Z] <<< [apiv2][body] POST https://cloudresourcemanager.googleapis.com/v1/projects/yt-clone-99:testIamPermissions {"error":{"code":401,"message":"Request had invalid authentication credentials. Expected OAuth 2 access token, login cookie or other valid authentication credential. See https://developers.google.com/identity/sign-in/web/devconsole-project.","status":"UNAUTHENTICATED","details":[{"@type":"type.googleapis.com/google.rpc.ErrorInfo","reason":"ACCESS_TOKEN_TYPE_UNSUPPORTED","metadata":{"method":"google.cloudresourcemanager.v1.Projects.TestIamPermissions","service":"cloudresourcemanager.googleapis.com"}}]}}
[debug] [2023-08-21T06:30:32.980Z] [iam] error while checking permissions, command may fail: FirebaseError: HTTP Error: 401, Request had invalid authentication credentials. Expected OAuth 2 access token, login cookie or other valid authentication credential. See https://developers.google.com/identity/sign-in/web/devconsole-project.
[debug] [2023-08-21T06:30:32.983Z] > refreshing access token with scopes: []
[debug] [2023-08-21T06:30:32.986Z] >>> [apiv2][query] POST https://www.googleapis.com/oauth2/v3/token [none]
[debug] [2023-08-21T06:30:32.987Z] >>> [apiv2][body] POST https://www.googleapis.com/oauth2/v3/token [omitted]
[debug] [2023-08-21T06:30:33.211Z] <<< [apiv2][status] POST https://www.googleapis.com/oauth2/v3/token 400
[debug] [2023-08-21T06:30:33.211Z] <<< [apiv2][body] POST https://www.googleapis.com/oauth2/v3/token [omitted]
[debug] [2023-08-21T06:30:33.214Z] >>> [apiv2][query] GET https://firebase.googleapis.com/v1beta1/projects/yt-clone-99 [none]
[debug] [2023-08-21T06:30:33.528Z] <<< [apiv2][status] GET https://firebase.googleapis.com/v1beta1/projects/yt-clone-99 401
[debug] [2023-08-21T06:30:33.529Z] <<< [apiv2][body] GET https://firebase.googleapis.com/v1beta1/projects/yt-clone-99 {"error":{"code":401,"message":"Request had invalid authentication credentials. Expected OAuth 2 access token, login cookie or other valid authentication credential. See https://developers.google.com/identity/sign-in/web/devconsole-project.","status":"UNAUTHENTICATED"}}
[debug] [2023-08-21T06:30:33.530Z] HTTP Error: 401, Request had invalid authentication credentials. Expected OAuth 2 access token, login cookie or other valid authentication credential. See https://developers.google.com/identity/sign-in/web/devconsole-project.
[debug] [2023-08-21T06:30:33.748Z] FirebaseError: HTTP Error: 401, Request had invalid authentication credentials. Expected OAuth 2 access token, login cookie or other valid authentication credential. See https://developers.google.com/identity/sign-in/web/devconsole-project.
    at responseToError (C:\Users\shaikhji\AppData\Roaming\npm\node_modules\firebase-tools\lib\responseToError.js:49:12)
    at RetryOperation._fn (C:\Users\shaikhji\AppData\Roaming\npm\node_modules\firebase-tools\lib\apiv2.js:285:77)
    at processTicksAndRejections (node:internal/process/task_queues:96:5)
[error] 
[error] Error: Failed to get Firebase project yt-clone-99. Please make sure the project exists and your account has permission to access it.
